# JRE version: OpenJDK Runtime Environment Temurin-21.0.8+9 (21.0.8+9) (build 21.0.8+9-LTS)
# Java VM: OpenJDK 64-Bit Server VM Temurin-21.0.8+9 (21.0.8+9-LTS, mixed mode, sharing, tiered, compressed oops, compressed class ptrs, parallel gc, windows-amd64)
GC Precious Log:
 CardTable entry size: 512
 CPUs: 8 total, 8 available
 Memory: 16255M
 Large Page Support: Disabled
 NUMA Support: Disabled
 Compressed Oops: Enabled (32-bit)
 Alignments: Space 512K, Generation 512K, Heap 2M
 Heap Min Capacity: 100M
 Heap Initial Capacity: 100M
 Heap Max Capacity: 2G
 Pre-touch: Disabled
 Parallel Workers: 8
Heap:
 PSYoungGen      total 10240K, used 6663K [0x00000000d5580000, 0x00000000d6500000, 0x0000000100000000)
  eden space 9728K, 63% used [0x00000000d5580000,0x00000000d5b84d38,0x00000000d5f00000)
  from space 512K, 97% used [0x00000000d6300000,0x00000000d637d200,0x00000000d6380000)
  to   space 3072K, 0% used [0x00000000d5f00000,0x00000000d5f00000,0x00000000d6200000)
 ParOldGen       total 145408K, used 145152K [0x0000000080000000, 0x0000000088e00000, 0x00000000d5580000)
  object space 145408K, 99% used [0x0000000080000000,0x0000000088dc02c0,0x0000000088e00000)
 Metaspace       used 70447K, committed 72000K, reserved 1114112K
  class space    used 7193K, committed 7872K, reserved 1048576K
GC Heap History (20 events):
Event: 55.251 GC heap before
{Heap before GC invocations=124 (full 3):
 PSYoungGen      total 11776K, used 11225K [0x00000000d5580000, 0x00000000d6300000, 0x0000000100000000)
  eden space 9728K, 99% used [0x00000000d5580000,0x00000000d5eee638,0x00000000d5f00000)
  from space 2048K, 76% used [0x00000000d6100000,0x00000000d6288000,0x00000000d6300000)
  to   space 2048K, 0% used [0x00000000d5f00000,0x00000000d5f00000,0x00000000d6100000)
 ParOldGen       total 132608K, used 132303K [0x0000000080000000, 0x0000000088180000, 0x00000000d5580000)
  object space 132608K, 99% used [0x0000000080000000,0x0000000088133cb8,0x0000000088180000)
 Metaspace       used 69385K, committed 70912K, reserved 1114112K
  class space    used 7106K, committed 7744K, reserved 1048576K
}
Event: 55.258 GC heap after
{Heap after GC invocations=124 (full 3):
 PSYoungGen      total 11776K, used 2043K [0x00000000d5580000, 0x00000000d6c00000, 0x0000000100000000)
  eden space 9728K, 0% used [0x00000000d5580000,0x00000000d5580000,0x00000000d5f00000)
  from space 2048K, 99% used [0x00000000d5f00000,0x00000000d60feea0,0x00000000d6100000)
  to   space 6656K, 0% used [0x00000000d6580000,0x00000000d6580000,0x00000000d6c00000)
 ParOldGen       total 136192K, used 135998K [0x0000000080000000, 0x0000000088500000, 0x00000000d5580000)
  object space 136192K, 99% used [0x0000000080000000,0x00000000884cfa68,0x0000000088500000)
 Metaspace       used 69385K, committed 70912K, reserved 1114112K
  class space    used 7106K, committed 7744K, reserved 1048576K
}
Event: 55.523 GC heap before
{Heap before GC invocations=125 (full 3):
 PSYoungGen      total 11776K, used 11771K [0x00000000d5580000, 0x00000000d6c00000, 0x0000000100000000)
  eden space 9728K, 100% used [0x00000000d5580000,0x00000000d5f00000,0x00000000d5f00000)
  from space 2048K, 99% used [0x00000000d5f00000,0x00000000d60feea0,0x00000000d6100000)
  to   space 6656K, 0% used [0x00000000d6580000,0x00000000d6580000,0x00000000d6c00000)
 ParOldGen       total 136192K, used 135998K [0x0000000080000000, 0x0000000088500000, 0x00000000d5580000)
  object space 136192K, 99% used [0x0000000080000000,0x00000000884cfa68,0x0000000088500000)
 Metaspace       used 69416K, committed 70976K, reserved 1114112K
  class space    used 7108K, committed 7744K, reserved 1048576K
}
Event: 55.527 GC heap after
{Heap after GC invocations=125 (full 3):
 PSYoungGen      total 11264K, used 1184K [0x00000000d5580000, 0x00000000d6700000, 0x0000000100000000)
  eden space 9728K, 0% used [0x00000000d5580000,0x00000000d5580000,0x00000000d5f00000)
  from space 1536K, 77% used [0x00000000d6580000,0x00000000d66a8010,0x00000000d6700000)
  to   space 3072K, 0% used [0x00000000d6100000,0x00000000d6100000,0x00000000d6400000)
 ParOldGen       total 136704K, used 136270K [0x0000000080000000, 0x0000000088580000, 0x00000000d5580000)
  object space 136704K, 99% used [0x0000000080000000,0x0000000088513a68,0x0000000088580000)
 Metaspace       used 69416K, committed 70976K, reserved 1114112K
  class space    used 7108K, committed 7744K, reserved 1048576K
}
Event: 55.750 GC heap before
{Heap before GC invocations=126 (full 3):
 PSYoungGen      total 11264K, used 10912K [0x00000000d5580000, 0x00000000d6700000, 0x0000000100000000)
  eden space 9728K, 100% used [0x00000000d5580000,0x00000000d5f00000,0x00000000d5f00000)
  from space 1536K, 77% used [0x00000000d6580000,0x00000000d66a8010,0x00000000d6700000)
  to   space 3072K, 0% used [0x00000000d6100000,0x00000000d6100000,0x00000000d6400000)
 ParOldGen       total 136704K, used 136270K [0x0000000080000000, 0x0000000088580000, 0x00000000d5580000)
  object space 136704K, 99% used [0x0000000080000000,0x0000000088513a68,0x0000000088580000)
 Metaspace       used 69719K, committed 71296K, reserved 1114112K
  class space    used 7135K, committed 7808K, reserved 1048576K
}
Event: 55.753 GC heap after
{Heap after GC invocations=126 (full 3):
 PSYoungGen      total 12800K, used 581K [0x00000000d5580000, 0x00000000d6600000, 0x0000000100000000)
  eden space 9728K, 0% used [0x00000000d5580000,0x00000000d5580000,0x00000000d5f00000)
  from space 3072K, 18% used [0x00000000d6100000,0x00000000d6191420,0x00000000d6400000)
  to   space 1536K, 0% used [0x00000000d6480000,0x00000000d6480000,0x00000000d6600000)
 ParOldGen       total 137216K, used 137102K [0x0000000080000000, 0x0000000088600000, 0x00000000d5580000)
  object space 137216K, 99% used [0x0000000080000000,0x00000000885e3a68,0x0000000088600000)
 Metaspace       used 69719K, committed 71296K, reserved 1114112K
  class space    used 7135K, committed 7808K, reserved 1048576K
}
Event: 57.250 GC heap before
{Heap before GC invocations=127 (full 3):
 PSYoungGen      total 12800K, used 10309K [0x00000000d5580000, 0x00000000d6600000, 0x0000000100000000)
  eden space 9728K, 100% used [0x00000000d5580000,0x00000000d5f00000,0x00000000d5f00000)
  from space 3072K, 18% used [0x00000000d6100000,0x00000000d6191420,0x00000000d6400000)
  to   space 1536K, 0% used [0x00000000d6480000,0x00000000d6480000,0x00000000d6600000)
 ParOldGen       total 137216K, used 137102K [0x0000000080000000, 0x0000000088600000, 0x00000000d5580000)
  object space 137216K, 99% used [0x0000000080000000,0x00000000885e3a68,0x0000000088600000)
 Metaspace       used 70022K, committed 71616K, reserved 1114112K
  class space    used 7163K, committed 7872K, reserved 1048576K
}
Event: 57.253 GC heap after
{Heap after GC invocations=127 (full 3):
 PSYoungGen      total 10752K, used 894K [0x00000000d5580000, 0x00000000d6580000, 0x0000000100000000)
  eden space 9728K, 0% used [0x00000000d5580000,0x00000000d5580000,0x00000000d5f00000)
  from space 1024K, 87% used [0x00000000d6480000,0x00000000d655fb30,0x00000000d6580000)
  to   space 1024K, 0% used [0x00000000d6380000,0x00000000d6380000,0x00000000d6480000)
 ParOldGen       total 137728K, used 137571K [0x0000000080000000, 0x0000000088680000, 0x00000000d5580000)
  object space 137728K, 99% used [0x0000000080000000,0x0000000088658e88,0x0000000088680000)
 Metaspace       used 70022K, committed 71616K, reserved 1114112K
  class space    used 7163K, committed 7872K, reserved 1048576K
}
Event: 57.298 GC heap before
{Heap before GC invocations=128 (full 3):
 PSYoungGen      total 10752K, used 10622K [0x00000000d5580000, 0x00000000d6580000, 0x0000000100000000)
  eden space 9728K, 100% used [0x00000000d5580000,0x00000000d5f00000,0x00000000d5f00000)
  from space 1024K, 87% used [0x00000000d6480000,0x00000000d655fb30,0x00000000d6580000)
  to   space 1024K, 0% used [0x00000000d6380000,0x00000000d6380000,0x00000000d6480000)
 ParOldGen       total 137728K, used 137571K [0x0000000080000000, 0x0000000088680000, 0x00000000d5580000)
  object space 137728K, 99% used [0x0000000080000000,0x0000000088658e88,0x0000000088680000)
 Metaspace       used 70055K, committed 71680K, reserved 1114112K
  class space    used 7163K, committed 7872K, reserved 1048576K
}
Event: 57.301 GC heap after
{Heap after GC invocations=128 (full 3):
 PSYoungGen      total 10752K, used 944K [0x00000000d5580000, 0x00000000d6500000, 0x0000000100000000)
  eden space 9728K, 0% used [0x00000000d5580000,0x00000000d5580000,0x00000000d5f00000)
  from space 1024K, 92% used [0x00000000d6380000,0x00000000d646c030,0x00000000d6480000)
  to   space 512K, 0% used [0x00000000d6480000,0x00000000d6480000,0x00000000d6500000)
 ParOldGen       total 138752K, used 138339K [0x0000000080000000, 0x0000000088780000, 0x00000000d5580000)
  object space 138752K, 99% used [0x0000000080000000,0x0000000088718d38,0x0000000088780000)
 Metaspace       used 70055K, committed 71680K, reserved 1114112K
  class space    used 7163K, committed 7872K, reserved 1048576K
}
Event: 57.355 GC heap before
{Heap before GC invocations=129 (full 3):
 PSYoungGen      total 10752K, used 10672K [0x00000000d5580000, 0x00000000d6500000, 0x0000000100000000)
  eden space 9728K, 100% used [0x00000000d5580000,0x00000000d5f00000,0x00000000d5f00000)
  from space 1024K, 92% used [0x00000000d6380000,0x00000000d646c030,0x00000000d6480000)
  to   space 512K, 0% used [0x00000000d6480000,0x00000000d6480000,0x00000000d6500000)
 ParOldGen       total 138752K, used 138339K [0x0000000080000000, 0x0000000088780000, 0x00000000d5580000)
  object space 138752K, 99% used [0x0000000080000000,0x0000000088718d38,0x0000000088780000)
 Metaspace       used 70087K, committed 71680K, reserved 1114112K
  class space    used 7163K, committed 7872K, reserved 1048576K
}
Event: 57.357 GC heap after
{Heap after GC invocations=129 (full 3):
 PSYoungGen      total 10240K, used 500K [0x00000000d5580000, 0x00000000d6500000, 0x0000000100000000)
  eden space 9728K, 0% used [0x00000000d5580000,0x00000000d5580000,0x00000000d5f00000)
  from space 512K, 97% used [0x00000000d6480000,0x00000000d64fd200,0x00000000d6500000)
  to   space 3072K, 0% used [0x00000000d5f00000,0x00000000d5f00000,0x00000000d6200000)
 ParOldGen       total 140288K, used 140178K [0x0000000080000000, 0x0000000088900000, 0x00000000d5580000)
  object space 140288K, 99% used [0x0000000080000000,0x00000000888e4a50,0x0000000088900000)
 Metaspace       used 70087K, committed 71680K, reserved 1114112K
  class space    used 7163K, committed 7872K, reserved 1048576K
}
Event: 57.412 GC heap before
{Heap before GC invocations=130 (full 3):
 PSYoungGen      total 10240K, used 10228K [0x00000000d5580000, 0x00000000d6500000, 0x0000000100000000)
  eden space 9728K, 100% used [0x00000000d5580000,0x00000000d5f00000,0x00000000d5f00000)
  from space 512K, 97% used [0x00000000d6480000,0x00000000d64fd200,0x00000000d6500000)
  to   space 3072K, 0% used [0x00000000d5f00000,0x00000000d5f00000,0x00000000d6200000)
 ParOldGen       total 140288K, used 140178K [0x0000000080000000, 0x0000000088900000, 0x00000000d5580000)
  object space 140288K, 99% used [0x0000000080000000,0x00000000888e4a50,0x0000000088900000)
 Metaspace       used 70102K, committed 71680K, reserved 1114112K
  class space    used 7163K, committed 7872K, reserved 1048576K
}
Event: 57.414 GC heap after
{Heap after GC invocations=130 (full 3):
 PSYoungGen      total 12800K, used 1460K [0x00000000d5580000, 0x00000000d6500000, 0x0000000100000000)
  eden space 9728K, 0% used [0x00000000d5580000,0x00000000d5580000,0x00000000d5f00000)
  from space 3072K, 47% used [0x00000000d5f00000,0x00000000d606d200,0x00000000d6200000)
  to   space 2048K, 0% used [0x00000000d6300000,0x00000000d6300000,0x00000000d6500000)
 ParOldGen       total 140800K, used 140671K [0x0000000080000000, 0x0000000088980000, 0x00000000d5580000)
  object space 140800K, 99% used [0x0000000080000000,0x000000008895fc50,0x0000000088980000)
 Metaspace       used 70102K, committed 71680K, reserved 1114112K
  class space    used 7163K, committed 7872K, reserved 1048576K
}
Event: 57.454 GC heap before
{Heap before GC invocations=131 (full 3):
 PSYoungGen      total 12800K, used 11188K [0x00000000d5580000, 0x00000000d6500000, 0x0000000100000000)
  eden space 9728K, 100% used [0x00000000d5580000,0x00000000d5f00000,0x00000000d5f00000)
  from space 3072K, 47% used [0x00000000d5f00000,0x00000000d606d200,0x00000000d6200000)
  to   space 2048K, 0% used [0x00000000d6300000,0x00000000d6300000,0x00000000d6500000)
 ParOldGen       total 140800K, used 140671K [0x0000000080000000, 0x0000000088980000, 0x00000000d5580000)
  object space 140800K, 99% used [0x0000000080000000,0x000000008895fc50,0x0000000088980000)
 Metaspace       used 70113K, committed 71744K, reserved 1114112K
  class space    used 7163K, committed 7872K, reserved 1048576K
}
Event: 57.459 GC heap after
{Heap after GC invocations=131 (full 3):
 PSYoungGen      total 11264K, used 1316K [0x00000000d5580000, 0x00000000d6480000, 0x0000000100000000)
  eden space 9728K, 0% used [0x00000000d5580000,0x00000000d5580000,0x00000000d5f00000)
  from space 1536K, 85% used [0x00000000d6300000,0x00000000d6449230,0x00000000d6480000)
  to   space 1536K, 0% used [0x00000000d6180000,0x00000000d6180000,0x00000000d6300000)
 ParOldGen       total 142336K, used 141975K [0x0000000080000000, 0x0000000088b00000, 0x00000000d5580000)
  object space 142336K, 99% used [0x0000000080000000,0x0000000088aa5d90,0x0000000088b00000)
 Metaspace       used 70113K, committed 71744K, reserved 1114112K
  class space    used 7163K, committed 7872K, reserved 1048576K
}
Event: 57.501 GC heap before
{Heap before GC invocations=132 (full 3):
 PSYoungGen      total 11264K, used 11044K [0x00000000d5580000, 0x00000000d6480000, 0x0000000100000000)
  eden space 9728K, 100% used [0x00000000d5580000,0x00000000d5f00000,0x00000000d5f00000)
  from space 1536K, 85% used [0x00000000d6300000,0x00000000d6449230,0x00000000d6480000)
  to   space 1536K, 0% used [0x00000000d6180000,0x00000000d6180000,0x00000000d6300000)
 ParOldGen       total 142336K, used 141975K [0x0000000080000000, 0x0000000088b00000, 0x00000000d5580000)
  object space 142336K, 99% used [0x0000000080000000,0x0000000088aa5d90,0x0000000088b00000)
 Metaspace       used 70130K, committed 71744K, reserved 1114112K
  class space    used 7163K, committed 7872K, reserved 1048576K
}
Event: 57.504 GC heap after
{Heap after GC invocations=132 (full 3):
 PSYoungGen      total 11264K, used 1300K [0x00000000d5580000, 0x00000000d6380000, 0x0000000100000000)
  eden space 9728K, 0% used [0x00000000d5580000,0x00000000d5580000,0x00000000d5f00000)
  from space 1536K, 84% used [0x00000000d6180000,0x00000000d62c5220,0x00000000d6300000)
  to   space 512K, 0% used [0x00000000d6300000,0x00000000d6300000,0x00000000d6380000)
 ParOldGen       total 143360K, used 143235K [0x0000000080000000, 0x0000000088c00000, 0x00000000d5580000)
  object space 143360K, 99% used [0x0000000080000000,0x0000000088be0fe0,0x0000000088c00000)
 Metaspace       used 70130K, committed 71744K, reserved 1114112K
  class space    used 7163K, committed 7872K, reserved 1048576K
}
Event: 57.542 GC heap before
{Heap before GC invocations=133 (full 3):
 PSYoungGen      total 11264K, used 11028K [0x00000000d5580000, 0x00000000d6380000, 0x0000000100000000)
  eden space 9728K, 100% used [0x00000000d5580000,0x00000000d5f00000,0x00000000d5f00000)
  from space 1536K, 84% used [0x00000000d6180000,0x00000000d62c5220,0x00000000d6300000)
  to   space 512K, 0% used [0x00000000d6300000,0x00000000d6300000,0x00000000d6380000)
 ParOldGen       total 143360K, used 143235K [0x0000000080000000, 0x0000000088c00000, 0x00000000d5580000)
  object space 143360K, 99% used [0x0000000080000000,0x0000000088be0fe0,0x0000000088c00000)
 Metaspace       used 70137K, committed 71744K, reserved 1114112K
  class space    used 7163K, committed 7872K, reserved 1048576K
}
Event: 57.546 GC heap after
{Heap after GC invocations=133 (full 3):
 PSYoungGen      total 10240K, used 500K [0x00000000d5580000, 0x00000000d6500000, 0x0000000100000000)
  eden space 9728K, 0% used [0x00000000d5580000,0x00000000d5580000,0x00000000d5f00000)
  from space 512K, 97% used [0x00000000d6300000,0x00000000d637d200,0x00000000d6380000)
  to   space 3072K, 0% used [0x00000000d5f00000,0x00000000d5f00000,0x00000000d6200000)
 ParOldGen       total 145408K, used 145152K [0x0000000080000000, 0x0000000088e00000, 0x00000000d5580000)
  object space 145408K, 99% used [0x0000000080000000,0x0000000088dc02c0,0x0000000088e00000)
 Metaspace       used 70137K, committed 71744K, reserved 1114112K
  class space    used 7163K, committed 7872K, reserved 1048576K
}

